Arguments: 
  C:\Program Files\nodejs\node.exe C:\Users\Robert\AppData\Roaming\npm\node_modules\yarn\bin\yarn.js init

PATH: 
  C:\Users\Robert\Documents\db_home\bin;C:\WINDOWS.X64_193000_db_home\bin;C:\Users\Robert\Downloads\WINDOWS.X64_193000_db_home\bin;C:\Windows\system32;C:\Windows;C:\Windows\System32\Wbem;C:\Windows\System32\WindowsPowerShell\v1.0\;C:\Windows\System32\OpenSSH\;C:\Program Files\NVIDIA Corporation\NVIDIA NvDLISR;C:\Program Files (x86)\NVIDIA Corporation\PhysX\Common;C:\Program Files\Microsoft SQL Server\Client SDK\ODBC\170\Tools\Binn\;C:\Program Files\dotnet\;C:\Program Files (x86)\Microsoft SQL Server\150\Tools\Binn\;C:\Program Files\Microsoft SQL Server\150\Tools\Binn\;C:\instantclient_21_3;C:\Program Files\nodejs\;C:\Program Files\GitHub CLI\;C:\Program Files\GitHub CLI;C:\Program Files\Git\cmd;C:\Users\Robert\AppData\Local\Microsoft\WindowsApps;C:\Users\Robert\.dotnet\tools;C:\Users\Robert\AppData\Local\Programs\Microsoft VS Code\bin;C:\Program Files\Azure Data Studio\bin;C:\Users\Robert\AppData\Roaming\npm;C:\Users\Robert\AppData\Local\GitHubDesktop\bin

Yarn version: 
  1.22.19

Node version: 
  16.15.1

Platform: 
  win32 x64

Trace: 
  Error: canceled
      at Interface.<anonymous> (C:\Users\Robert\AppData\Roaming\npm\node_modules\yarn\lib\cli.js:137150:13)
      at Interface.emit (node:events:527:28)
      at Interface._ttyWrite (node:readline:1081:16)
      at ReadStream.onkeypress (node:readline:288:10)
      at ReadStream.emit (node:events:527:28)
      at emitKeys (node:internal/readline/utils:358:14)
      at emitKeys.next (<anonymous>)
      at ReadStream.onData (node:internal/readline/emitKeypressEvents:61:36)
      at ReadStream.emit (node:events:527:28)
      at addChunk (node:internal/streams/readable:315:12)

npm manifest: 
  {
    "name": "client",
    "version": "1.0.0",
    "description": "Proiect UBD ~frontend~",
    "main": "index.js",
    "scripts": {
      "start": "nodemon -r esm server.js"
    },
    "author": "Clintoc Robert",
    "license": "MIT",
    "private": false,
    "dependencies": {
      "antd": "^4.23.6",
      "axios": "^1.1.3",
      "bootstrap": "^5.2.2",
      "esm": "^3.2.25",
      "express": "^4.18.1",
      "http-proxy-middleware": "^2.0.6",
      "next": "^12.3.1",
      "next-i18next": "^12.1.0",
      "nodemon": "^2.0.20",
      "react": "^18.2.0",
      "react-toastify": "^9.0.8"
    },
    "devDependencies": {
      "@babel/plugin-syntax-dynamic-import": "^7.8.3"
    }
  }

yarn manifest: 
  No manifest

Lockfile: 
  No lockfile
